Fri,04-Nov-2022 07:34:30PM   Measurement started (Software version: 3.3.0.3).
Fri,04-Nov-2022 07:34:30PM   Move Cup L4 to Position 70.000
Fri,04-Nov-2022 07:34:30PM   Move Cup L3 to Position 60.000
Fri,04-Nov-2022 07:34:30PM   Move Cup L2 to Position 50.300
Fri,04-Nov-2022 07:34:30PM   Move Cup L1 to Position 36.618
Fri,04-Nov-2022 07:34:30PM   Move Cup H1 to Position  5.601
Fri,04-Nov-2022 07:34:30PM   Move Cup H2 to Position 21.097
Fri,04-Nov-2022 07:34:30PM   Move Cup H3 to Position 32.140
Fri,04-Nov-2022 07:34:30PM   Move Cup H4 to Position 69.001
Fri,04-Nov-2022 07:34:34PM   Low Cup Motor Position started
Fri,04-Nov-2022 07:34:34PM   High Cup Motor Position started
Fri,04-Nov-2022 07:34:34PM   High Cup Motor Position is ok
Fri,04-Nov-2022 07:34:34PM   Low Cup Motor Position is ok

Reading cup configuration: Name: B 10 IC5 11 IC1.ccf,Mass Set: FF.

Fri,04-Nov-2022 07:34:34PM   Current Experiment is EXP_MEASURE.
Fri,04-Nov-2022 07:34:34PM   Current Block is 1.

**************************************************************************
Current Settings at Start of Block 1:

Extraction[V]:         -2000.0
Focus[V]:              -621.4
Source Quad1[V]:       248.7
Rot-Quad1[V]:           14.3
Foc-Quad1[V]:          -19.5
Rot-Quad2[V]:           -0.0
Source Offset[V]:        3.0
Matsuda Plate[V]:       -1.0
Cool Gas[l/min]:        16.4
Aux Gas[l/min]:          0.8
Sample Gas[l/min]:       1.1
Add Gas[l/min]:          0.0
Org Gas[l/min]:          0.0
Operation Power[W]:    1328.0
X-Pos[mm]:               0.1
Y-Pos[mm]:              -3.2
Z-Pos[mm]:              -4.0
Ampl.-Temp[°C]:        46.95
Fore Vacuum[mbar]:     8.7334e-004
High Vacuum[mbar]:     1.9718e-007
IonGetter-Press[mbar]: 2.0798e-008

**************************************************************************
Fri,04-Nov-2022 07:35:42PM   Exec PCL: skimmer_valve_open.pex()
Fri,04-Nov-2022 07:35:43PM   CHeaterControl: Send Message TM_MEASURE_DONE.
