Sat,05-Nov-2022 02:12:30AM   Measurement started (Software version: 3.3.0.3).
Sat,05-Nov-2022 02:12:30AM   Move Cup L4 to Position 70.000
Sat,05-Nov-2022 02:12:30AM   Move Cup L3 to Position 60.000
Sat,05-Nov-2022 02:12:30AM   Move Cup L2 to Position 50.300
Sat,05-Nov-2022 02:12:30AM   Move Cup L1 to Position 36.618
Sat,05-Nov-2022 02:12:30AM   Move Cup H1 to Position  5.601
Sat,05-Nov-2022 02:12:30AM   Move Cup H2 to Position 21.097
Sat,05-Nov-2022 02:12:30AM   Move Cup H3 to Position 32.140
Sat,05-Nov-2022 02:12:30AM   Move Cup H4 to Position 69.001
Sat,05-Nov-2022 02:12:34AM   Low Cup Motor Position started
Sat,05-Nov-2022 02:12:34AM   High Cup Motor Position started
Sat,05-Nov-2022 02:12:34AM   Low Cup Motor Position is ok
Sat,05-Nov-2022 02:12:34AM   High Cup Motor Position is ok

Reading cup configuration: Name: B 10 IC5 11 IC1.ccf,Mass Set: FF.

Sat,05-Nov-2022 02:12:34AM   Current Experiment is EXP_MEASURE.
Sat,05-Nov-2022 02:12:34AM   Current Block is 1.

**************************************************************************
Current Settings at Start of Block 1:

Extraction[V]:         -2000.0
Focus[V]:              -621.4
Source Quad1[V]:       248.7
Rot-Quad1[V]:           11.9
Foc-Quad1[V]:          -19.5
Rot-Quad2[V]:           -0.0
Source Offset[V]:        3.0
Matsuda Plate[V]:       -1.0
Cool Gas[l/min]:        16.4
Aux Gas[l/min]:          0.8
Sample Gas[l/min]:       1.1
Add Gas[l/min]:          0.0
Org Gas[l/min]:          0.0
Operation Power[W]:    1328.0
X-Pos[mm]:               0.1
Y-Pos[mm]:              -3.2
Z-Pos[mm]:              -4.0
Ampl.-Temp[°C]:        46.96
Fore Vacuum[mbar]:     8.5532e-004
High Vacuum[mbar]:     1.8957e-007
IonGetter-Press[mbar]: 1.8172e-008

**************************************************************************
Sat,05-Nov-2022 02:13:42AM   Exec PCL: skimmer_valve_open.pex()
Sat,05-Nov-2022 02:13:43AM   CHeaterControl: Send Message TM_MEASURE_DONE.
